{"name": "test_search", "status": "broken", "statusDetails": {"message": "selenium.common.exceptions.NoSuchElementException: Message: no such element: Unable to locate element: {\"method\":\"xpath\",\"selector\":\"//body[1]/div[1]/div[3]/form[1]/div[1]/div[1]/div[2]/div[2]/div[2]/div[1]/div[1]/ul[1]/li[1]/div[1]/div[2]/div[1]/div[1]/span[1]\"}\n  (Session info: chrome=120.0.6099.227); For documentation on this error, please visit: https://www.selenium.dev/documentation/webdriver/troubleshooting/errors#no-such-element-exception\nStacktrace:\n\tGetHandleVerifier [0x00007FF6EDCB2142+3514994]\n\t(No symbol) [0x00007FF6ED8D0CE2]\n\t(No symbol) [0x00007FF6ED7776AA]\n\t(No symbol) [0x00007FF6ED7C1860]\n\t(No symbol) [0x00007FF6ED7C197C]\n\t(No symbol) [0x00007FF6ED804EE7]\n\t(No symbol) [0x00007FF6ED7E602F]\n\t(No symbol) [0x00007FF6ED8028F6]\n\t(No symbol) [0x00007FF6ED7E5D93]\n\t(No symbol) [0x00007FF6ED7B4BDC]\n\t(No symbol) [0x00007FF6ED7B5C64]\n\tGetHandleVerifier [0x00007FF6EDCDE16B+3695259]\n\tGetHandleVerifier [0x00007FF6EDD36737+4057191]\n\tGetHandleVerifier [0x00007FF6EDD2E4E3+4023827]\n\tGetHandleVerifier [0x00007FF6EDA004F9+689705]\n\t(No symbol) [0x00007FF6ED8DC048]\n\t(No symbol) [0x00007FF6ED8D8044]\n\t(No symbol) [0x00007FF6ED8D81C9]\n\t(No symbol) [0x00007FF6ED8C88C4]\n\tBaseThreadInitThunk [0x00007FFE92CD7344+20]\n\tRtlUserThreadStart [0x00007FFE94CC26B1+33]", "trace": "self = <test_view_prod.Test_view_prod object at 0x000001BC741FA290>\n\n    def test_search(self):\n        google_s = Google_search(self.driver)\n        time.sleep(2)\n    \n        google_s.get_search().send_keys(\"flipkart\")\n        time.sleep(2)\n    \n>       google_s.get_btn().click()\n\nFunctional_test\\test_google_search.py:22: \n_ _ _ _ _ _ _ _ _ _ _ _ _ _ _ _ _ _ _ _ _ _ _ _ _ _ _ _ _ _ _ _ _ _ _ _ _ _ _ _ _ _ _ _ _ _ _ _ _ _ _ _ _ _ _ _ _ _ _ _ _ _ _ _ _ _ _ _ _ _ _ _ _ _ _ _ _ _ _ _ _ _ _ _ _ _ _ _ _ _\nPageObject\\google_search.py:35: in get_btn\n    return self.driver.find_element(*self.btn)\nvenv\\Lib\\site-packages\\selenium\\webdriver\\remote\\webdriver.py:742: in find_element\n    return self.execute(Command.FIND_ELEMENT, {\"using\": by, \"value\": value})[\"value\"]\nvenv\\Lib\\site-packages\\selenium\\webdriver\\remote\\webdriver.py:348: in execute\n    self.error_handler.check_response(response)\n_ _ _ _ _ _ _ _ _ _ _ _ _ _ _ _ _ _ _ _ _ _ _ _ _ _ _ _ _ _ _ _ _ _ _ _ _ _ _ _ _ _ _ _ _ _ _ _ _ _ _ _ _ _ _ _ _ _ _ _ _ _ _ _ _ _ _ _ _ _ _ _ _ _ _ _ _ _ _ _ _ _ _ _ _ _ _ _ _ _\n\nself = <selenium.webdriver.remote.errorhandler.ErrorHandler object at 0x000001BC741DE550>\nresponse = {'status': 404, 'value': '{\"value\":{\"error\":\"no such element\",\"message\":\"no such element: Unable to locate element: {\\...07FF6ED8C88C4]\\\\n\\\\tBaseThreadInitThunk [0x00007FFE92CD7344+20]\\\\n\\\\tRtlUserThreadStart [0x00007FFE94CC26B1+33]\\\\n\"}}'}\n\n    def check_response(self, response: Dict[str, Any]) -> None:\n        \"\"\"Checks that a JSON response from the WebDriver does not have an\n        error.\n    \n        :Args:\n         - response - The JSON response from the WebDriver server as a dictionary\n           object.\n    \n        :Raises: If the response contains an error message.\n        \"\"\"\n        status = response.get(\"status\", None)\n        if not status or status == ErrorCode.SUCCESS:\n            return\n        value = None\n        message = response.get(\"message\", \"\")\n        screen: str = response.get(\"screen\", \"\")\n        stacktrace = None\n        if isinstance(status, int):\n            value_json = response.get(\"value\", None)\n            if value_json and isinstance(value_json, str):\n                import json\n    \n                try:\n                    value = json.loads(value_json)\n                    if len(value) == 1:\n                        value = value[\"value\"]\n                    status = value.get(\"error\", None)\n                    if not status:\n                        status = value.get(\"status\", ErrorCode.UNKNOWN_ERROR)\n                        message = value.get(\"value\") or value.get(\"message\")\n                        if not isinstance(message, str):\n                            value = message\n                            message = message.get(\"message\")\n                    else:\n                        message = value.get(\"message\", None)\n                except ValueError:\n                    pass\n    \n        exception_class: Type[WebDriverException]\n        e = ErrorCode()\n        error_codes = [item for item in dir(e) if not item.startswith(\"__\")]\n        for error_code in error_codes:\n            error_info = getattr(ErrorCode, error_code)\n            if isinstance(error_info, list) and status in error_info:\n                exception_class = getattr(ExceptionMapping, error_code, WebDriverException)\n                break\n        else:\n            exception_class = WebDriverException\n    \n        if not value:\n            value = response[\"value\"]\n        if isinstance(value, str):\n            raise exception_class(value)\n        if message == \"\" and \"message\" in value:\n            message = value[\"message\"]\n    \n        screen = None  # type: ignore[assignment]\n        if \"screen\" in value:\n            screen = value[\"screen\"]\n    \n        stacktrace = None\n        st_value = value.get(\"stackTrace\") or value.get(\"stacktrace\")\n        if st_value:\n            if isinstance(st_value, str):\n                stacktrace = st_value.split(\"\\n\")\n            else:\n                stacktrace = []\n                try:\n                    for frame in st_value:\n                        line = frame.get(\"lineNumber\", \"\")\n                        file = frame.get(\"fileName\", \"<anonymous>\")\n                        if line:\n                            file = f\"{file}:{line}\"\n                        meth = frame.get(\"methodName\", \"<anonymous>\")\n                        if \"className\" in frame:\n                            meth = f\"{frame['className']}.{meth}\"\n                        msg = \"    at %s (%s)\"\n                        msg = msg % (meth, file)\n                        stacktrace.append(msg)\n                except TypeError:\n                    pass\n        if exception_class == UnexpectedAlertPresentException:\n            alert_text = None\n            if \"data\" in value:\n                alert_text = value[\"data\"].get(\"text\")\n            elif \"alert\" in value:\n                alert_text = value[\"alert\"].get(\"text\")\n            raise exception_class(message, screen, stacktrace, alert_text)  # type: ignore[call-arg]  # mypy is not smart enough here\n>       raise exception_class(message, screen, stacktrace)\nE       selenium.common.exceptions.NoSuchElementException: Message: no such element: Unable to locate element: {\"method\":\"xpath\",\"selector\":\"//body[1]/div[1]/div[3]/form[1]/div[1]/div[1]/div[2]/div[2]/div[2]/div[1]/div[1]/ul[1]/li[1]/div[1]/div[2]/div[1]/div[1]/span[1]\"}\nE         (Session info: chrome=120.0.6099.227); For documentation on this error, please visit: https://www.selenium.dev/documentation/webdriver/troubleshooting/errors#no-such-element-exception\nE       Stacktrace:\nE       \tGetHandleVerifier [0x00007FF6EDCB2142+3514994]\nE       \t(No symbol) [0x00007FF6ED8D0CE2]\nE       \t(No symbol) [0x00007FF6ED7776AA]\nE       \t(No symbol) [0x00007FF6ED7C1860]\nE       \t(No symbol) [0x00007FF6ED7C197C]\nE       \t(No symbol) [0x00007FF6ED804EE7]\nE       \t(No symbol) [0x00007FF6ED7E602F]\nE       \t(No symbol) [0x00007FF6ED8028F6]\nE       \t(No symbol) [0x00007FF6ED7E5D93]\nE       \t(No symbol) [0x00007FF6ED7B4BDC]\nE       \t(No symbol) [0x00007FF6ED7B5C64]\nE       \tGetHandleVerifier [0x00007FF6EDCDE16B+3695259]\nE       \tGetHandleVerifier [0x00007FF6EDD36737+4057191]\nE       \tGetHandleVerifier [0x00007FF6EDD2E4E3+4023827]\nE       \tGetHandleVerifier [0x00007FF6EDA004F9+689705]\nE       \t(No symbol) [0x00007FF6ED8DC048]\nE       \t(No symbol) [0x00007FF6ED8D8044]\nE       \t(No symbol) [0x00007FF6ED8D81C9]\nE       \t(No symbol) [0x00007FF6ED8C88C4]\nE       \tBaseThreadInitThunk [0x00007FFE92CD7344+20]\nE       \tRtlUserThreadStart [0x00007FFE94CC26B1+33]\n\nvenv\\Lib\\site-packages\\selenium\\webdriver\\remote\\errorhandler.py:229: NoSuchElementException"}, "start": 1706443781704, "stop": 1706443815833, "uuid": "92142625-8c4d-49d9-bdda-7c02492acc9d", "historyId": "f050d34d6d45adc318ceb1769f107e57", "testCaseId": "f050d34d6d45adc318ceb1769f107e57", "fullName": "Functional_test.test_view_prod.Test_view_prod#test_search", "labels": [{"name": "tag", "value": "@pytest.mark.usefixtures('setup')"}, {"name": "tag", "value": "fixture('TestBase')"}, {"name": "parentSuite", "value": "Functional_test"}, {"name": "suite", "value": "test_view_prod"}, {"name": "subSuite", "value": "Test_view_prod"}, {"name": "host", "value": "LAPTOP-EUCBFQIC"}, {"name": "thread", "value": "18336-MainThread"}, {"name": "framework", "value": "pytest"}, {"name": "language", "value": "cpython3"}, {"name": "package", "value": "Functional_test.test_view_prod"}]}